
Showing logs for build [32mentando-entando-core-bom-master-6hpc4-223[0m stage [32mfrom-build-pack[0m and container [32mstep-credential-initializer-bwj8f[0m
{"level":"warn","ts":1611649195.9321496,"logger":"fallback-logger","caller":"logging/config.go:69","msg":"Fetch GitHub commit ID from kodata failed: \"ref: refs/heads/0.8.0-**-support-backwards-incompats\" is not a valid GitHub commit ID"}
{"level":"info","ts":1611649195.94046,"logger":"fallback-logger","caller":"creds-init/main.go:40","msg":"Credentials initialized."}

Showing logs for build [32mentando-entando-core-bom-master-6hpc4-223[0m stage [32mfrom-build-pack[0m and container [32mstep-working-dir-initializer-j27qc[0m
{"level":"warn","ts":1611649202.5967028,"logger":"fallback-logger","caller":"logging/config.go:69","msg":"Fetch GitHub commit ID from kodata failed: open /var/run/ko/HEAD: no such file or directory"}
{"level":"info","ts":1611649202.6144981,"logger":"fallback-logger","caller":"bash/main.go:64","msg":"Successfully e**cuted command \"sh -c mkdir -p /workspace/source\"; output "}

Showing logs for build [32mentando-entando-core-bom-master-6hpc4-223[0m stage [32mfrom-build-pack[0m and container [32mstep-place-tools[0m

Showing logs for build [32mentando-entando-core-bom-master-6hpc4-223[0m stage [32mfrom-build-pack[0m and container [32mstep-git-source-entando-entando-core-bom-master-79zxz[0m
{"level":"warn","ts":1611649217.3881063,"logger":"fallback-logger","caller":"logging/config.go:69","msg":"Fetch GitHub commit ID from kodata failed: \"ref: refs/heads/0.8.0-**-support-backwards-incompats\" is not a valid GitHub commit ID"}
{"level":"info","ts":1611649218.5696805,"logger":"fallback-logger","caller":"git/git.go:103","msg":"Successfully cloned https://github.com/entando/entando-core-bom.git @ v6.2.204 in path /workspace/source"}

Showing logs for build [32mentando-entando-core-bom-master-6hpc4-223[0m stage [32mfrom-build-pack[0m and container [32mstep-git-merge[0m
Using SHAs from PULL_REFS=master:92bb0ca9a6b3bc3585b35c4330938f68e0b78519
WARNING: no SHAs to merge, falling back to initial cloned commit

Showing logs for build [32mentando-entando-core-bom-master-6hpc4-223[0m stage [32mfrom-build-pack[0m and container [32mstep-setup-jx-git-credentials[0m
Generated Git credentials file /workspace/xdg_config/git/credentials

Showing logs for build [32mentando-entando-core-bom-master-6hpc4-223[0m stage [32mfrom-build-pack[0m and container [32mstep-build-mvn-deploy[0m
Picked up _JAVA_OPTIONS: -XX:+UnlockExperimentalVMOptions -Dsun.zip.disableMemoryMapping=**** -XX:+UseParallelGC -XX:MinHeapFreeRatio=5 -XX:MaxHeapFreeRatio=10 -XX:GCTimeRatio=4 -XX:AdaptiveSizePolicyWeight=90 -Xms10m -Xmx8000m
[INFO] Scanning for projects...
[INFO] 
[INFO] --------------------< org.entando:entando-core-bom >--------------------
[INFO] Building Entando Core BOM 6.2.204
[INFO] --------------------------------[ pom ]---------------------------------
[INFO] 
[INFO] --- maven-install-plugin:2.4:install (default-install) @ entando-core-bom ---
[INFO] Installing /workspace/source/pom.xml to /home/jenkins/.mvnrepository/org/entando/entando-core-bom/6.2.204/entando-core-bom-6.2.204.pom
[INFO] 
[INFO] --- maven-deploy-plugin:2.8.2:deploy (default-deploy) @ entando-core-bom ---
[INFO] Using alternate deployment repository local-nexus::default::http://nexus/repository/maven-releases/
[INFO] ------------------------------------------------------------------------
[INFO] BUILD SUCCESS
[INFO] ------------------------------------------------------------------------
[INFO] Total time:  2.894 s
[INFO] Finished at: 2021-01-26T08:20:25Z
[INFO] ------------------------------------------------------------------------

Showing logs for build [32mentando-entando-core-bom-master-6hpc4-223[0m stage [32mfrom-build-pack[0m and container [32mstep-promote-changelog[0m
Converted /workspace/source to an unshallow repository
Generating change log from git ref b13157d5285fe5b2cedc44669ef5abeb5a1e19be => 46d4dd4ccdb4e5a4ea9e67f6f008c815a69cb63a
Associating user jenkins-x-bot in users.jenkins.io with email jenkins-x@googlegroups.com to git GitProvider user with login jenkins-x-bot-0 as emails match
Adding label jenkins.io/git-github-userid=jenkins-x-bot-0 to user jenkins-x-bot in users.jenkins.io
Associating user jenkins-x-bot in users.jenkins.io with email jenkins-x@googlegroups.com to git GitProvider user with login jenkins-x-bot-0 as emails match
Adding label jenkins.io/git-github-userid=jenkins-x-bot-0 to user jenkins-x-bot in users.jenkins.io
Finding issues in commit messages using git format
WARNING: No release found for entando/entando-core-bom and tag v6.2.204 so creating a new release
Updated the release information at https://github.com/entando/entando-core-bom/releases/tag/v6.2.204
generated: /workspace/source/templates/release.yaml
Created Release entando-core-bom-6-2-204 resource in namespace **
Updating PipelineActivity entando-entando-core-bom-master-223 with version 6.2.204
Updated PipelineActivities entando-entando-core-bom-master-223 with release notes URL: https://github.com/entando/entando-core-bom/releases/tag/v6.2.204
