
Showing logs for build [32mentando-entando-maven-root-mast-6gqhj-24[0m stage [32mfrom-build-pack[0m and container [32mstep-credential-initializer-vmfxk[0m
{"level":"warn","ts":1611210233.5688238,"logger":"fallback-logger","caller":"logging/config.go:69","msg":"Fetch GitHub commit ID from kodata failed: \"ref: refs/heads/0.8.0-**-support-backwards-incompats\" is not a valid GitHub commit ID"}
{"level":"info","ts":1611210233.578108,"logger":"fallback-logger","caller":"creds-init/main.go:40","msg":"Credentials initialized."}

Showing logs for build [32mentando-entando-maven-root-mast-6gqhj-24[0m stage [32mfrom-build-pack[0m and container [32mstep-working-dir-initializer-n4v57[0m
{"level":"warn","ts":1611210235.0650675,"logger":"fallback-logger","caller":"logging/config.go:69","msg":"Fetch GitHub commit ID from kodata failed: open /var/run/ko/HEAD: no such file or directory"}
{"level":"info","ts":1611210235.087154,"logger":"fallback-logger","caller":"bash/main.go:64","msg":"Successfully e**cuted command \"sh -c mkdir -p /workspace/source\"; output "}

Showing logs for build [32mentando-entando-maven-root-mast-6gqhj-24[0m stage [32mfrom-build-pack[0m and container [32mstep-place-tools[0m

Showing logs for build [32mentando-entando-maven-root-mast-6gqhj-24[0m stage [32mfrom-build-pack[0m and container [32mstep-git-source-entando-entando-maven-root-mast-w9sjz[0m
{"level":"warn","ts":1611210339.7249806,"logger":"fallback-logger","caller":"logging/config.go:69","msg":"Fetch GitHub commit ID from kodata failed: \"ref: refs/heads/0.8.0-**-support-backwards-incompats\" is not a valid GitHub commit ID"}
{"level":"info","ts":1611210340.8930683,"logger":"fallback-logger","caller":"git/git.go:103","msg":"Successfully cloned https://github.com/entando/entando-maven-****.git @ v6.3.2 in path /workspace/source"}

Showing logs for build [32mentando-entando-maven-root-mast-6gqhj-24[0m stage [32mfrom-build-pack[0m and container [32mstep-git-merge[0m
Using SHAs from PULL_REFS=master:b551c2d69f1cc4a0853f00fd61006f51c02928f0
WARNING: no SHAs to merge, falling back to initial cloned commit

Showing logs for build [32mentando-entando-maven-root-mast-6gqhj-24[0m stage [32mfrom-build-pack[0m and container [32mstep-setup-jx-git-credentials[0m
Generated Git credentials file /workspace/xdg_config/git/credentials

Showing logs for build [32mentando-entando-maven-root-mast-6gqhj-24[0m stage [32mfrom-build-pack[0m and container [32mstep-build-mvn-deploy[0m
Picked up _JAVA_OPTIONS: -XX:+UnlockExperimentalVMOptions -Dsun.zip.disableMemoryMapping=**** -XX:+UseParallelGC -XX:MinHeapFreeRatio=5 -XX:MaxHeapFreeRatio=10 -XX:GCTimeRatio=4 -XX:AdaptiveSizePolicyWeight=90 -Xms10m -Xmx8000m
[INFO] Scanning for projects...
[INFO] 
[INFO] -------------------< org.entando:entando-maven-**** >-------------------
[INFO] Building Entando Maven Root Parent POM 6.3.2
[INFO] --------------------------------[ pom ]---------------------------------
[INFO] 
[INFO] --- maven-clean-plugin:2.5:clean (default-clean) @ entando-maven-**** ---
[INFO] 
[INFO] --- maven-surefire-report-plugin:3.0.0-M4:failsafe-report-only (integration-tests) @ entando-maven-**** ---
[INFO] 
[INFO] --- maven-surefire-report-plugin:3.0.0-M4:report-only (unit-tests) @ entando-maven-**** ---
[WARNING] Unable to locate Test Source XRef to link to - DISABLED
[INFO] 
[INFO] --- maven-install-plugin:2.4:install (default-install) @ entando-maven-**** ---
[INFO] Installing /workspace/source/pom.xml to /home/jenkins/.mvnrepository/org/entando/entando-maven-****/6.3.2/entando-maven-****-6.3.2.pom
[INFO] 
[INFO] --- maven-deploy-plugin:2.8.2:deploy (default-deploy) @ entando-maven-**** ---
[INFO] Using alternate deployment repository local-nexus::default::http://nexus/repository/maven-releases/
[INFO] ------------------------------------------------------------------------
[INFO] BUILD SUCCESS
[INFO] ------------------------------------------------------------------------
[INFO] Total time:  6.762 s
[INFO] Finished at: 2021-01-21T06:25:51Z
[INFO] ------------------------------------------------------------------------

Showing logs for build [32mentando-entando-maven-root-mast-6gqhj-24[0m stage [32mfrom-build-pack[0m and container [32mstep-promote-changelog[0m
Converted /workspace/source to an unshallow repository
Generating change log from git ref 1e1bb2a2ca0c51e855f7e75d793f8bc98719674f => 014b185eb03aaff89e5bc9312d37ab794bfca9a7
WARNING: No release found for entando/entando-maven-**** and tag v6.3.2 so creating a new release
Updated the release information at https://github.com/entando/entando-maven-****/releases/tag/v6.3.2
generated: /workspace/source/templates/release.yaml
Created Release entando-maven-****-6-3-2 resource in namespace **
Updating PipelineActivity entando-entando-maven-****-master-24 with version 6.3.2
Updated PipelineActivities entando-entando-maven-****-master-24 with release notes URL: https://github.com/entando/entando-maven-****/releases/tag/v6.3.2
